<?xml version="1.0" encoding="UTF-8"?>
<!-- Generated by org.testng.reporters.JUnitReportReporter -->
<testsuite hostname="Pavilion" failures="0" tests="1" name="UdemyMaven.AppTest" time="0.000" errors="0" timestamp="12 May 2019 11:19:06 GMT" skipped="0">
  <testcase classname="UdemyMaven.AppTest" name="testApp" time="0.000"/>
</testsuite> <!-- UdemyMaven.AppTest -->
