<?xml version="1.0" encoding="UTF-8"?>
<!-- Generated by org.testng.reporters.JUnitReportReporter -->
<testsuite hostname="Pavilion" failures="0" tests="2" name="UdemyMaven.AppiumTest" time="0.015" errors="0" timestamp="12 May 2019 12:23:24 GMT" skipped="0">
  <testcase classname="UdemyMaven.AppiumTest" name="AndroidApp" time="0.015"/>
  <testcase classname="UdemyMaven.AppiumTest" name="IosApp" time="0.000"/>
</testsuite> <!-- UdemyMaven.AppiumTest -->
