<?xml version="1.0" encoding="UTF-8"?>
<!-- Generated by org.testng.reporters.JUnitReportReporter -->
<testsuite hostname="Pavilion" failures="0" tests="2" name="UdemyMaven.RESTAPITest" time="0.000" errors="0" timestamp="12 May 2019 12:09:40 GMT" skipped="0">
  <testcase classname="UdemyMaven.RESTAPITest" name="PostJira" time="0.000"/>
  <testcase classname="UdemyMaven.RESTAPITest" name="DeleteTwitter" time="0.000"/>
</testsuite> <!-- UdemyMaven.RESTAPITest -->
